# parsing metadata from NCBI_SRA_Metadata_Full_20200924.tar.gz  Wed Nov 25 12:52:32 2020
WARNING: CANNOT FIND ITEM 5, ERA2530470/ERA2530470.sample.xml, SKIPPING  Wed Nov 25 12:59:43 2020
WARNING: CANNOT FIND ITEM 8, ERA2699906/ERA2699906.sample.xml, SKIPPING  Wed Nov 25 12:59:48 2020
WARNING: CANNOT FIND ITEM 10, ERA1737232/ERA1737232.sample.xml, SKIPPING  Wed Nov 25 12:59:51 2020
WARNING: CANNOT FIND ITEM 12, SRA406976/SRA406976.sample.xml, SKIPPING  Wed Nov 25 12:59:53 2020
WARNING: CANNOT FIND ITEM 17, SRA004783/SRA004783.sample.xml, SKIPPING  Wed Nov 25 13:00:00 2020
WARNING: CANNOT FIND ITEM 20, SRA518043/SRA518043.sample.xml, SKIPPING  Wed Nov 25 13:00:05 2020
WARNING: CANNOT FIND ITEM 25, ERA1905384/ERA1905384.sample.xml, SKIPPING  Wed Nov 25 13:00:12 2020
WARNING: CANNOT FIND ITEM 30, ERA2708476/ERA2708476.sample.xml, SKIPPING  Wed Nov 25 13:00:19 2020
WARNING: CANNOT FIND ITEM 54, SRA546965/SRA546965.sample.xml, SKIPPING  Wed Nov 25 13:00:53 2020
WARNING: CANNOT FIND ITEM 56, SRA391087/SRA391087.sample.xml, SKIPPING  Wed Nov 25 13:00:56 2020
WARNING: CANNOT FIND ITEM 72, ERA912466/ERA912466.sample.xml, SKIPPING  Wed Nov 25 13:01:19 2020
WARNING: CANNOT FIND ITEM 81, ERA1905340/ERA1905340.sample.xml, SKIPPING  Wed Nov 25 13:01:32 2020
WARNING: CANNOT FIND ITEM 88, SRA667233/SRA667233.sample.xml, SKIPPING  Wed Nov 25 13:01:42 2020
WARNING: CANNOT FIND ITEM 92, SRA412113/SRA412113.sample.xml, SKIPPING  Wed Nov 25 13:01:48 2020
WARNING: CANNOT FIND ITEM 96, SRA009483/SRA009483.sample.xml, SKIPPING  Wed Nov 25 13:01:54 2020
WARNING: CANNOT FIND ITEM 99, SRA425317/SRA425317.sample.xml, SKIPPING  Wed Nov 25 13:01:58 2020
WARNING: CANNOT FIND ITEM 106, ERA1978946/ERA1978946.sample.xml, SKIPPING  Wed Nov 25 13:02:08 2020
WARNING: CANNOT FIND ITEM 111, ERA2753467/ERA2753467.sample.xml, SKIPPING  Wed Nov 25 13:02:15 2020
WARNING: CANNOT FIND ITEM 112, ERA910905/ERA910905.sample.xml, SKIPPING  Wed Nov 25 13:02:17 2020
WARNING: CANNOT FIND ITEM 114, SRA165361/SRA165361.sample.xml, SKIPPING  Wed Nov 25 13:02:20 2020
WARNING: CANNOT FIND ITEM 116, SRA160228/SRA160228.sample.xml, SKIPPING  Wed Nov 25 13:02:23 2020
WARNING: CANNOT FIND ITEM 120, ERA2699616/ERA2699616.sample.xml, SKIPPING  Wed Nov 25 13:02:28 2020
WARNING: CANNOT FIND ITEM 121, ERA1596306/ERA1596306.sample.xml, SKIPPING  Wed Nov 25 13:02:30 2020
WARNING: CANNOT FIND ITEM 123, ERA2755762/ERA2755762.sample.xml, SKIPPING  Wed Nov 25 13:02:32 2020
WARNING: CANNOT FIND ITEM 124, SRA367808/SRA367808.sample.xml, SKIPPING  Wed Nov 25 13:02:34 2020
WARNING: CANNOT FIND ITEM 129, SRA333913/SRA333913.sample.xml, SKIPPING  Wed Nov 25 13:02:41 2020
WARNING: CANNOT FIND ITEM 132, SRA545112/SRA545112.sample.xml, SKIPPING  Wed Nov 25 13:02:45 2020
WARNING: CANNOT FIND ITEM 139, ERA1288507/ERA1288507.sample.xml, SKIPPING  Wed Nov 25 13:02:55 2020
WARNING: CANNOT FIND ITEM 152, SRA407336/SRA407336.sample.xml, SKIPPING  Wed Nov 25 13:03:13 2020
WARNING: CANNOT FIND ITEM 156, ERA2819902/ERA2819902.sample.xml, SKIPPING  Wed Nov 25 13:03:19 2020
WARNING: CANNOT FIND ITEM 167, SRA746643/SRA746643.sample.xml, SKIPPING  Wed Nov 25 13:03:35 2020
WARNING: CANNOT FIND ITEM 170, ERA234354/ERA234354.sample.xml, SKIPPING  Wed Nov 25 13:03:39 2020
WARNING: CANNOT FIND ITEM 184, ERA922155/ERA922155.sample.xml, SKIPPING  Wed Nov 25 13:03:59 2020
WARNING: CANNOT FIND ITEM 188, SRA025842/SRA025842.sample.xml, SKIPPING  Wed Nov 25 13:04:05 2020
WARNING: CANNOT FIND ITEM 192, ERA2504840/ERA2504840.sample.xml, SKIPPING  Wed Nov 25 13:04:11 2020
WARNING: CANNOT FIND ITEM 194, SRA347280/SRA347280.sample.xml, SKIPPING  Wed Nov 25 13:04:14 2020
WARNING: CANNOT FIND ITEM 205, ERA2807424/ERA2807424.sample.xml, SKIPPING  Wed Nov 25 13:04:30 2020
WARNING: CANNOT FIND ITEM 209, ERA2788177/ERA2788177.sample.xml, SKIPPING  Wed Nov 25 13:04:35 2020
WARNING: CANNOT FIND ITEM 213, SRA038980/SRA038980.sample.xml, SKIPPING  Wed Nov 25 13:04:41 2020
WARNING: CANNOT FIND ITEM 217, SRA681026/SRA681026.sample.xml, SKIPPING  Wed Nov 25 13:04:47 2020
WARNING: CANNOT FIND ITEM 219, ERA1294773/ERA1294773.sample.xml, SKIPPING  Wed Nov 25 13:04:50 2020
WARNING: CANNOT FIND ITEM 220, SRA380541/SRA380541.sample.xml, SKIPPING  Wed Nov 25 13:04:51 2020
WARNING: CANNOT FIND ITEM 222, SRA332641/SRA332641.sample.xml, SKIPPING  Wed Nov 25 13:04:54 2020
WARNING: CANNOT FIND ITEM 234, SRA796799/SRA796799.sample.xml, SKIPPING  Wed Nov 25 13:05:11 2020
WARNING: CANNOT FIND ITEM 235, SRA037321/SRA037321.sample.xml, SKIPPING  Wed Nov 25 13:05:13 2020
WARNING: CANNOT FIND ITEM 252, ERA2882008/ERA2882008.sample.xml, SKIPPING  Wed Nov 25 13:05:37 2020
WARNING: CANNOT FIND ITEM 258, SRA866246/SRA866246.sample.xml, SKIPPING  Wed Nov 25 13:05:46 2020
WARNING: CANNOT FIND ITEM 272, ERA2674301/ERA2674301.sample.xml, SKIPPING  Wed Nov 25 13:06:06 2020
WARNING: CANNOT FIND ITEM 273, SRA396439/SRA396439.sample.xml, SKIPPING  Wed Nov 25 13:06:07 2020
WARNING: CANNOT FIND ITEM 286, ERA2693141/ERA2693141.sample.xml, SKIPPING  Wed Nov 25 13:06:26 2020
WARNING: CANNOT FIND ITEM 295, ERA524489/ERA524489.sample.xml, SKIPPING  Wed Nov 25 13:06:39 2020
WARNING: CANNOT FIND ITEM 297, ERA2826452/ERA2826452.sample.xml, SKIPPING  Wed Nov 25 13:06:41 2020
WARNING: CANNOT FIND ITEM 304, ERA410744/ERA410744.sample.xml, SKIPPING  Wed Nov 25 13:06:52 2020
WARNING: CANNOT FIND ITEM 327, SRA095024/SRA095024.sample.xml, SKIPPING  Wed Nov 25 13:07:25 2020
WARNING: CANNOT FIND ITEM 342, ERA1084498/ERA1084498.sample.xml, SKIPPING  Wed Nov 25 13:07:46 2020
WARNING: CANNOT FIND ITEM 343, ERA010322/ERA010322.sample.xml, SKIPPING  Wed Nov 25 13:07:48 2020
WARNING: CANNOT FIND ITEM 347, ERA1298185/ERA1298185.sample.xml, SKIPPING  Wed Nov 25 13:07:53 2020
WARNING: CANNOT FIND ITEM 372, ERA1297476/ERA1297476.sample.xml, SKIPPING  Wed Nov 25 13:08:29 2020
WARNING: CANNOT FIND ITEM 375, SRA721959/SRA721959.sample.xml, SKIPPING  Wed Nov 25 13:08:34 2020
WARNING: CANNOT FIND ITEM 377, SRA401667/SRA401667.sample.xml, SKIPPING  Wed Nov 25 13:08:36 2020
WARNING: CANNOT FIND ITEM 381, ERA915335/ERA915335.sample.xml, SKIPPING  Wed Nov 25 13:08:42 2020
WARNING: CANNOT FIND ITEM 389, SRA332034/SRA332034.sample.xml, SKIPPING  Wed Nov 25 13:08:54 2020
WARNING: CANNOT FIND ITEM 392, SRA667864/SRA667864.sample.xml, SKIPPING  Wed Nov 25 13:08:58 2020
WARNING: CANNOT FIND ITEM 395, ERA2395266/ERA2395266.sample.xml, SKIPPING  Wed Nov 25 13:09:02 2020
WARNING: CANNOT FIND ITEM 408, SRA147713/SRA147713.sample.xml, SKIPPING  Wed Nov 25 13:09:21 2020
WARNING: CANNOT FIND ITEM 422, SRA148176/SRA148176.sample.xml, SKIPPING  Wed Nov 25 13:09:41 2020
WARNING: CANNOT FIND ITEM 423, ERA2738930/ERA2738930.sample.xml, SKIPPING  Wed Nov 25 13:09:43 2020
WARNING: CANNOT FIND ITEM 425, SRA406028/SRA406028.sample.xml, SKIPPING  Wed Nov 25 13:09:45 2020
WARNING: CANNOT FIND ITEM 434, SRA752509/SRA752509.sample.xml, SKIPPING  Wed Nov 25 13:09:58 2020
WARNING: CANNOT FIND ITEM 441, SRA040043/SRA040043.sample.xml, SKIPPING  Wed Nov 25 13:10:08 2020
WARNING: CANNOT FIND ITEM 442, SRA1042074/SRA1042074.sample.xml, SKIPPING  Wed Nov 25 13:10:10 2020
WARNING: CANNOT FIND ITEM 445, ERA2757057/ERA2757057.sample.xml, SKIPPING  Wed Nov 25 13:10:14 2020
WARNING: CANNOT FIND ITEM 456, SRA129895/SRA129895.sample.xml, SKIPPING  Wed Nov 25 13:10:30 2020
WARNING: CANNOT FIND ITEM 457, SRA458911/SRA458911.sample.xml, SKIPPING  Wed Nov 25 13:10:31 2020
WARNING: CANNOT FIND ITEM 467, ERA2738247/ERA2738247.sample.xml, SKIPPING  Wed Nov 25 13:10:46 2020
WARNING: CANNOT FIND ITEM 470, ERA2169199/ERA2169199.sample.xml, SKIPPING  Wed Nov 25 13:10:50 2020
WARNING: CANNOT FIND ITEM 472, SRA672672/SRA672672.sample.xml, SKIPPING  Wed Nov 25 13:10:53 2020
WARNING: CANNOT FIND ITEM 473, ERA932148/ERA932148.sample.xml, SKIPPING  Wed Nov 25 13:10:54 2020
WARNING: CANNOT FIND ITEM 478, SRA811919/SRA811919.sample.xml, SKIPPING  Wed Nov 25 13:11:01 2020
WARNING: CANNOT FIND ITEM 482, SRA013245/SRA013245.sample.xml, SKIPPING  Wed Nov 25 13:11:07 2020
WARNING: CANNOT FIND ITEM 484, SRA127631/SRA127631.sample.xml, SKIPPING  Wed Nov 25 13:11:10 2020
WARNING: CANNOT FIND ITEM 485, ERA2784915/ERA2784915.sample.xml, SKIPPING  Wed Nov 25 13:11:11 2020
WARNING: CANNOT FIND ITEM 486, ERA2688693/ERA2688693.sample.xml, SKIPPING  Wed Nov 25 13:11:13 2020
WARNING: CANNOT FIND ITEM 496, ERA1841533/ERA1841533.sample.xml, SKIPPING  Wed Nov 25 13:11:27 2020
WARNING: CANNOT FIND ITEM 506, SRA396915/SRA396915.sample.xml, SKIPPING  Wed Nov 25 13:11:42 2020
WARNING: CANNOT FIND ITEM 512, SRA021637/SRA021637.sample.xml, SKIPPING  Wed Nov 25 13:11:50 2020
WARNING: CANNOT FIND ITEM 521, SRA343108/SRA343108.sample.xml, SKIPPING  Wed Nov 25 13:12:03 2020
WARNING: CANNOT FIND ITEM 522, ERA2420826/ERA2420826.sample.xml, SKIPPING  Wed Nov 25 13:12:05 2020
WARNING: CANNOT FIND ITEM 527, ERA2200128/ERA2200128.sample.xml, SKIPPING  Wed Nov 25 13:12:12 2020
WARNING: CANNOT FIND ITEM 530, ERA2711239/ERA2711239.sample.xml, SKIPPING  Wed Nov 25 13:12:17 2020
WARNING: CANNOT FIND ITEM 531, SRA203294/SRA203294.sample.xml, SKIPPING  Wed Nov 25 13:12:18 2020
WARNING: CANNOT FIND ITEM 534, SRA689067/SRA689067.sample.xml, SKIPPING  Wed Nov 25 13:12:22 2020
WARNING: CANNOT FIND ITEM 547, ERA2752942/ERA2752942.sample.xml, SKIPPING  Wed Nov 25 13:12:41 2020
WARNING: CANNOT FIND ITEM 557, SRA669377/SRA669377.sample.xml, SKIPPING  Wed Nov 25 13:12:55 2020
WARNING: CANNOT FIND ITEM 565, ERA2712389/ERA2712389.sample.xml, SKIPPING  Wed Nov 25 13:13:07 2020
WARNING: CANNOT FIND ITEM 577, SRA491181/SRA491181.sample.xml, SKIPPING  Wed Nov 25 13:13:24 2020
WARNING: CANNOT FIND ITEM 587, SRA749041/SRA749041.sample.xml, SKIPPING  Wed Nov 25 13:13:39 2020
WARNING: CANNOT FIND ITEM 589, ERA540667/ERA540667.sample.xml, SKIPPING  Wed Nov 25 13:13:41 2020
WARNING: CANNOT FIND ITEM 604, SRA1036205/SRA1036205.sample.xml, SKIPPING  Wed Nov 25 13:14:03 2020
# 100 WARNINGS, WILL NOT DISPLAY MORE  Wed Nov 25 13:14:12 2020
# 100000 folders  Fri Nov 27 03:58:27 2020
# 200000 folders  Sat Nov 28 17:04:28 2020
# 300000 folders  Mon Nov 30 04:23:37 2020
# 400000 folders  Tue Dec  1 15:47:18 2020
# 500000 folders  Wed Dec  2 23:31:31 2020
# 600000 folders  Fri Dec  4 05:35:20 2020
# 700000 folders  Sat Dec  5 09:54:58 2020
# 800000 folders  Sun Dec  6 12:54:47 2020
# 900000 folders  Mon Dec  7 14:01:07 2020
# 1000000 folders  Tue Dec  8 13:11:45 2020
# 1100000 folders  Wed Dec  9 10:44:24 2020
# 1200000 folders  Thu Dec 10 06:14:18 2020
# 1300000 folders  Thu Dec 10 23:49:42 2020
# 1400000 folders  Fri Dec 11 15:31:49 2020
# 1500000 folders  Sat Dec 12 05:20:32 2020
# 1600000 folders  Sat Dec 12 17:18:25 2020
# 1700000 folders  Sun Dec 13 03:23:20 2020
# 1800000 folders  Sun Dec 13 11:34:46 2020
# Last folder was 1853106, SRA1066799/SRA1066799.sample.xml  Sun Dec 13 15:05:51 2020
# Process completed in 26053.3 minutes
# Found 1853106 folders, and 8871734 samples
# Found 5577808 members not in folders, last one was SRA1066799/SRA1066799.submission.xml
# Could not find samples for 271755 folders
